<?xml version="1.0"?>
<!DOCTYPE coverage SYSTEM "http://cobertura.sourceforge.net/xml/coverage-04.dtd">

<coverage line-rate="0.8666666666666667" branch-rate="1.0" lines-covered="39" lines-valid="45" branches-covered="2" branches-valid="2" complexity="1.0909090909090908" version="2.0.3" timestamp="1433741935900">
	<sources>
		<source>--source</source>
		<source>D:/Maven projects/CodeshipCoverage/MockitoPOC/src/main/java</source>
	</sources>
	<packages>
		<package name="control" line-rate="0.7391304347826086" branch-rate="1.0" complexity="1.3333333333333333">
			<classes>
				<class name="control.DataServlet" filename="control/DataServlet.java" line-rate="1.0" branch-rate="1.0" complexity="2.0">
					<methods>
						<method name="&lt;init&gt;" signature="()V" line-rate="1.0" branch-rate="1.0">
							<lines>
								<line number="14" hits="3" branch="false"/>
							</lines>
						</method>
						<method name="doGet" signature="(Ljavax/servlet/http/HttpServletRequest;Ljavax/servlet/http/HttpServletResponse;)V" line-rate="1.0" branch-rate="1.0">
							<lines>
								<line number="22" hits="3" branch="false"/>
								<line number="24" hits="3" branch="false"/>
								<line number="26" hits="3" branch="false"/>
								<line number="27" hits="9" branch="true" condition-coverage="100% (2/2)">
									<conditions>
										<condition number="0" type="jump" coverage="100%"/>
									</conditions>
								</line>
								<line number="28" hits="6" branch="false"/>
								<line number="30" hits="6" branch="false"/>
								<line number="31" hits="3" branch="false"/>
								<line number="34" hits="3" branch="false"/>
								<line number="35" hits="3" branch="false"/>
							</lines>
						</method>
					</methods>
					<lines>
						<line number="14" hits="3" branch="false"/>
						<line number="22" hits="3" branch="false"/>
						<line number="24" hits="3" branch="false"/>
						<line number="26" hits="3" branch="false"/>
						<line number="27" hits="9" branch="true" condition-coverage="100% (2/2)">
							<conditions>
								<condition number="0" type="jump" coverage="100%"/>
							</conditions>
						</line>
						<line number="28" hits="6" branch="false"/>
						<line number="30" hits="6" branch="false"/>
						<line number="31" hits="3" branch="false"/>
						<line number="34" hits="3" branch="false"/>
						<line number="35" hits="3" branch="false"/>
					</lines>
				</class>
				<class name="control.FormServlet" filename="control/FormServlet.java" line-rate="0.0" branch-rate="1.0" complexity="1.0">
					<methods>
						<method name="&lt;init&gt;" signature="()V" line-rate="0.0" branch-rate="1.0">
							<lines>
								<line number="13" hits="0" branch="false"/>
							</lines>
						</method>
						<method name="doGet" signature="(Ljavax/servlet/http/HttpServletRequest;Ljavax/servlet/http/HttpServletResponse;)V" line-rate="0.0" branch-rate="1.0">
							<lines>
								<line number="21" hits="0" branch="false"/>
								<line number="23" hits="0" branch="false"/>
								<line number="24" hits="0" branch="false"/>
								<line number="34" hits="0" branch="false"/>
								<line number="35" hits="0" branch="false"/>
							</lines>
						</method>
					</methods>
					<lines>
						<line number="13" hits="0" branch="false"/>
						<line number="21" hits="0" branch="false"/>
						<line number="23" hits="0" branch="false"/>
						<line number="24" hits="0" branch="false"/>
						<line number="34" hits="0" branch="false"/>
						<line number="35" hits="0" branch="false"/>
					</lines>
				</class>
				<class name="control.GreetingServlet" filename="control/GreetingServlet.java" line-rate="1.0" branch-rate="1.0" complexity="1.0">
					<methods>
						<method name="&lt;init&gt;" signature="()V" line-rate="1.0" branch-rate="1.0">
							<lines>
								<line number="13" hits="3" branch="false"/>
							</lines>
						</method>
						<method name="doGet" signature="(Ljavax/servlet/http/HttpServletRequest;Ljavax/servlet/http/HttpServletResponse;)V" line-rate="1.0" branch-rate="1.0">
							<lines>
								<line number="21" hits="3" branch="false"/>
								<line number="22" hits="3" branch="false"/>
								<line number="23" hits="3" branch="false"/>
								<line number="24" hits="3" branch="false"/>
								<line number="25" hits="3" branch="false"/>
								<line number="26" hits="3" branch="false"/>
							</lines>
						</method>
					</methods>
					<lines>
						<line number="13" hits="3" branch="false"/>
						<line number="21" hits="3" branch="false"/>
						<line number="22" hits="3" branch="false"/>
						<line number="23" hits="3" branch="false"/>
						<line number="24" hits="3" branch="false"/>
						<line number="25" hits="3" branch="false"/>
						<line number="26" hits="3" branch="false"/>
					</lines>
				</class>
			</classes>
		</package>
		<package name="model" line-rate="1.0" branch-rate="1.0" complexity="1.0">
			<classes>
				<class name="model.Person" filename="model/Person.java" line-rate="1.0" branch-rate="1.0" complexity="1.0">
					<methods>
						<method name="&lt;init&gt;" signature="()V" line-rate="1.0" branch-rate="1.0">
							<lines>
								<line number="9" hits="6" branch="false"/>
								<line number="10" hits="6" branch="false"/>
							</lines>
						</method>
						<method name="&lt;init&gt;" signature="(Ljava/lang/String;I)V" line-rate="1.0" branch-rate="1.0">
							<lines>
								<line number="5" hits="21" branch="false"/>
								<line number="6" hits="21" branch="false"/>
								<line number="13" hits="15" branch="false"/>
								<line number="14" hits="15" branch="false"/>
								<line number="15" hits="15" branch="false"/>
								<line number="16" hits="15" branch="false"/>
							</lines>
						</method>
						<method name="getFirstName" signature="()Ljava/lang/String;" line-rate="1.0" branch-rate="1.0">
							<lines>
								<line number="19" hits="15" branch="false"/>
							</lines>
						</method>
						<method name="getYob" signature="()I" line-rate="1.0" branch-rate="1.0">
							<lines>
								<line number="25" hits="9" branch="false"/>
							</lines>
						</method>
						<method name="setFirstName" signature="(Ljava/lang/String;)V" line-rate="1.0" branch-rate="1.0">
							<lines>
								<line number="22" hits="6" branch="false"/>
								<line number="23" hits="6" branch="false"/>
							</lines>
						</method>
						<method name="setYob" signature="(I)V" line-rate="1.0" branch-rate="1.0">
							<lines>
								<line number="28" hits="6" branch="false"/>
								<line number="29" hits="6" branch="false"/>
							</lines>
						</method>
					</methods>
					<lines>
						<line number="5" hits="21" branch="false"/>
						<line number="6" hits="21" branch="false"/>
						<line number="9" hits="6" branch="false"/>
						<line number="10" hits="6" branch="false"/>
						<line number="13" hits="15" branch="false"/>
						<line number="14" hits="15" branch="false"/>
						<line number="15" hits="15" branch="false"/>
						<line number="16" hits="15" branch="false"/>
						<line number="19" hits="15" branch="false"/>
						<line number="22" hits="6" branch="false"/>
						<line number="23" hits="6" branch="false"/>
						<line number="25" hits="9" branch="false"/>
						<line number="28" hits="6" branch="false"/>
						<line number="29" hits="6" branch="false"/>
					</lines>
				</class>
				<class name="model.StorageService" filename="model/StorageService.java" line-rate="1.0" branch-rate="1.0" complexity="1.0">
					<methods>
						<method name="&lt;init&gt;" signature="()V" line-rate="1.0" branch-rate="1.0">
							<lines>
								<line number="8" hits="3" branch="false"/>
								<line number="10" hits="3" branch="false"/>
							</lines>
						</method>
						<method name="add" signature="(Lmodel/Person;)V" line-rate="1.0" branch-rate="1.0">
							<lines>
								<line number="13" hits="3" branch="false"/>
								<line number="14" hits="3" branch="false"/>
								<line number="15" hits="3" branch="false"/>
								<line number="16" hits="3" branch="false"/>
								<line number="17" hits="3" branch="false"/>
							</lines>
						</method>
						<method name="getAllPersons" signature="()Ljava/util/List;" line-rate="1.0" branch-rate="1.0">
							<lines>
								<line number="20" hits="3" branch="false"/>
							</lines>
						</method>
					</methods>
					<lines>
						<line number="8" hits="3" branch="false"/>
						<line number="10" hits="3" branch="false"/>
						<line number="13" hits="3" branch="false"/>
						<line number="14" hits="3" branch="false"/>
						<line number="15" hits="3" branch="false"/>
						<line number="16" hits="3" branch="false"/>
						<line number="17" hits="3" branch="false"/>
						<line number="20" hits="3" branch="false"/>
					</lines>
				</class>
			</classes>
		</package>
	</packages>
</coverage>
